# JRE version: Java(TM) SE Runtime Environment (8.0_11-b12) (build 1.8.0_11-b12)
# Java VM: Java HotSpot(TM) 64-Bit Server VM (25.11-b03 mixed mode windows-amd64 compressed oops)
Heap:
 PSYoungGen      total 154112K, used 35498K [0x00000000f5580000, 0x0000000100000000, 0x0000000100000000)
  eden space 148480K, 21% used [0x00000000f5580000,0x00000000f74edbb0,0x00000000fe680000)
  from space 5632K, 58% used [0x00000000fe680000,0x00000000fe9bcf48,0x00000000fec00000)
  to   space 9216K, 0% used [0x00000000ff700000,0x00000000ff700000,0x0000000100000000)
 ParOldGen       total 33280K, used 23286K [0x00000000e0000000, 0x00000000e2080000, 0x00000000f5580000)
  object space 33280K, 69% used [0x00000000e0000000,0x00000000e16bd868,0x00000000e2080000)
 Metaspace       used 47578K, capacity 51036K, committed 51328K, reserved 1093632K
  class space    used 6646K, capacity 7179K, committed 7296K, reserved 1048576K
GC Heap History (10 events):
Event: 18.254 GC heap before
{Heap before GC invocations=30 (full 4):
 PSYoungGen      total 138240K, used 1728K [0x00000000f5580000, 0x00000000fe480000, 0x0000000100000000)
  eden space 134144K, 0% used [0x00000000f5580000,0x00000000f5580000,0x00000000fd880000)
  from space 4096K, 42% used [0x00000000fe080000,0x00000000fe230000,0x00000000fe480000)
  to   space 6144K, 0% used [0x00000000fd880000,0x00000000fd880000,0x00000000fde80000)
 ParOldGen       total 20480K, used 17720K [0x00000000e0000000, 0x00000000e1400000, 0x00000000f5580000)
  object space 20480K, 86% used [0x00000000e0000000,0x00000000e114e2e0,0x00000000e1400000)
 Metaspace       used 36916K, capacity 40096K, committed 40448K, reserved 1083392K
  class space    used 5245K, capacity 5771K, committed 5888K, reserved 1048576K
Event: 18.327 GC heap after
Heap after GC invocations=30 (full 4):
 PSYoungGen      total 138240K, used 0K [0x00000000f5580000, 0x00000000fe480000, 0x0000000100000000)
  eden space 134144K, 0% used [0x00000000f5580000,0x00000000f5580000,0x00000000fd880000)
  from space 4096K, 0% used [0x00000000fe080000,0x00000000fe080000,0x00000000fe480000)
  to   space 6144K, 0% used [0x00000000fd880000,0x00000000fd880000,0x00000000fde80000)
 ParOldGen       total 23040K, used 16381K [0x00000000e0000000, 0x00000000e1680000, 0x00000000f5580000)
  object space 23040K, 71% used [0x00000000e0000000,0x00000000e0fff410,0x00000000e1680000)
 Metaspace       used 36916K, capacity 40096K, committed 40448K, reserved 1083392K
  class space    used 5245K, capacity 5771K, committed 5888K, reserved 1048576K
}
Event: 19.240 GC heap before
{Heap before GC invocations=31 (full 4):
 PSYoungGen      total 138240K, used 134144K [0x00000000f5580000, 0x00000000fe480000, 0x0000000100000000)
  eden space 134144K, 100% used [0x00000000f5580000,0x00000000fd880000,0x00000000fd880000)
  from space 4096K, 0% used [0x00000000fe080000,0x00000000fe080000,0x00000000fe480000)
  to   space 6144K, 0% used [0x00000000fd880000,0x00000000fd880000,0x00000000fde80000)
 ParOldGen       total 23040K, used 16381K [0x00000000e0000000, 0x00000000e1680000, 0x00000000f5580000)
  object space 23040K, 71% used [0x00000000e0000000,0x00000000e0fff410,0x00000000e1680000)
 Metaspace       used 37270K, capacity 40440K, committed 40704K, reserved 1083392K
  class space    used 5270K, capacity 5787K, committed 5888K, reserved 1048576K
Event: 19.243 GC heap after
Heap after GC invocations=31 (full 4):
 PSYoungGen      total 140288K, used 2176K [0x00000000f5580000, 0x00000000ff380000, 0x0000000100000000)
  eden space 134144K, 0% used [0x00000000f5580000,0x00000000f5580000,0x00000000fd880000)
  from space 6144K, 35% used [0x00000000fd880000,0x00000000fdaa0000,0x00000000fde80000)
  to   space 5632K, 0% used [0x00000000fee00000,0x00000000fee00000,0x00000000ff380000)
 ParOldGen       total 23040K, used 16389K [0x00000000e0000000, 0x00000000e1680000, 0x00000000f5580000)
  object space 23040K, 71% used [0x00000000e0000000,0x00000000e1001410,0x00000000e1680000)
 Metaspace       used 37270K, capacity 40440K, committed 40704K, reserved 1083392K
  class space    used 5270K, capacity 5787K, committed 5888K, reserved 1048576K
}
Event: 20.901 GC heap before
{Heap before GC invocations=32 (full 4):
 PSYoungGen      total 140288K, used 136320K [0x00000000f5580000, 0x00000000ff380000, 0x0000000100000000)
  eden space 134144K, 100% used [0x00000000f5580000,0x00000000fd880000,0x00000000fd880000)
  from space 6144K, 35% used [0x00000000fd880000,0x00000000fdaa0000,0x00000000fde80000)
  to   space 5632K, 0% used [0x00000000fee00000,0x00000000fee00000,0x00000000ff380000)
 ParOldGen       total 23040K, used 16389K [0x00000000e0000000, 0x00000000e1680000, 0x00000000f5580000)
  object space 23040K, 71% used [0x00000000e0000000,0x00000000e1001410,0x00000000e1680000)
 Metaspace       used 39157K, capacity 42580K, committed 42624K, reserved 1085440K
  class space    used 5487K, capacity 6009K, committed 6016K, reserved 1048576K
Event: 20.904 GC heap after
Heap after GC invocations=32 (full 4):
 PSYoungGen      total 151552K, used 3114K [0x00000000f5580000, 0x00000000ff180000, 0x0000000100000000)
  eden space 147968K, 0% used [0x00000000f5580000,0x00000000f5580000,0x00000000fe600000)
  from space 3584K, 86% used [0x00000000fee00000,0x00000000ff10ab78,0x00000000ff180000)
  to   space 5632K, 0% used [0x00000000fe680000,0x00000000fe680000,0x00000000fec00000)
 ParOldGen       total 23040K, used 16397K [0x00000000e0000000, 0x00000000e1680000, 0x00000000f5580000)
  object space 23040K, 71% used [0x00000000e0000000,0x00000000e1003410,0x00000000e1680000)
 Metaspace       used 39157K, capacity 42580K, committed 42624K, reserved 1085440K
  class space    used 5487K, capacity 6009K, committed 6016K, reserved 1048576K
}
Event: 26.685 GC heap before
{Heap before GC invocations=33 (full 4):
 PSYoungGen      total 151552K, used 151082K [0x00000000f5580000, 0x00000000ff180000, 0x0000000100000000)
  eden space 147968K, 100% used [0x00000000f5580000,0x00000000fe600000,0x00000000fe600000)
  from space 3584K, 86% used [0x00000000fee00000,0x00000000ff10ab78,0x00000000ff180000)
  to   space 5632K, 0% used [0x00000000fe680000,0x00000000fe680000,0x00000000fec00000)
 ParOldGen       total 23040K, used 16397K [0x00000000e0000000, 0x00000000e1680000, 0x00000000f5580000)
  object space 23040K, 71% used [0x00000000e0000000,0x00000000e1003410,0x00000000e1680000)
 Metaspace       used 46168K, capacity 49590K, committed 49792K, reserved 1091584K
  class space    used 6478K, capacity 7018K, committed 7040K, reserved 1048576K
Event: 26.696 GC heap after
Heap after GC invocations=33 (full 4):
 PSYoungGen      total 154112K, used 5620K [0x00000000f5580000, 0x0000000100000000, 0x0000000100000000)
  eden space 148480K, 0% used [0x00000000f5580000,0x00000000f5580000,0x00000000fe680000)
  from space 5632K, 99% used [0x00000000fe680000,0x00000000febfd078,0x00000000fec00000)
  to   space 9216K, 0% used [0x00000000ff700000,0x00000000ff700000,0x0000000100000000)
 ParOldGen       total 23552K, used 23040K [0x00000000e0000000, 0x00000000e1700000, 0x00000000f5580000)
  object space 23552K, 97% used [0x00000000e0000000,0x00000000e1680350,0x00000000e1700000)
 Metaspace       used 46168K, capacity 49590K, committed 49792K, reserved 1091584K
  class space    used 6478K, capacity 7018K, committed 7040K, reserved 1048576K
}
Event: 26.696 GC heap before
{Heap before GC invocations=34 (full 5):
 PSYoungGen      total 154112K, used 5620K [0x00000000f5580000, 0x0000000100000000, 0x0000000100000000)
  eden space 148480K, 0% used [0x00000000f5580000,0x00000000f5580000,0x00000000fe680000)
  from space 5632K, 99% used [0x00000000fe680000,0x00000000febfd078,0x00000000fec00000)
  to   space 9216K, 0% used [0x00000000ff700000,0x00000000ff700000,0x0000000100000000)
 ParOldGen       total 23552K, used 23040K [0x00000000e0000000, 0x00000000e1700000, 0x00000000f5580000)
  object space 23552K, 97% used [0x00000000e0000000,0x00000000e1680350,0x00000000e1700000)
 Metaspace       used 46168K, capacity 49590K, committed 49792K, reserved 1091584K
  class space    used 6478K, capacity 7018K, committed 7040K, reserved 1048576K
Event: 26.976 GC heap after
Heap after GC invocations=34 (full 5):
 PSYoungGen      total 154112K, used 3315K [0x00000000f5580000, 0x0000000100000000, 0x0000000100000000)
  eden space 148480K, 0% used [0x00000000f5580000,0x00000000f5580000,0x00000000fe680000)
  from space 5632K, 58% used [0x00000000fe680000,0x00000000fe9bcf48,0x00000000fec00000)
  to   space 9216K, 0% used [0x00000000ff700000,0x00000000ff700000,0x0000000100000000)
 ParOldGen       total 33280K, used 23286K [0x00000000e0000000, 0x00000000e2080000, 0x00000000f5580000)
  object space 33280K, 69% used [0x00000000e0000000,0x00000000e16bd868,0x00000000e2080000)
 Metaspace       used 46168K, capacity 49590K, committed 49792K, reserved 1091584K
  class space    used 6478K, capacity 7018K, committed 7040K, reserved 1048576K
}

